16:13:02.287 [main]  INFO  org.springframework.beans.factory.xml.XmlBeanDefinitionReader[316] - Loading XML bean definitions from file [/Users/chenqi/Workspace/crawlers/crawer-web/target/classes/spring/applicationContext-thread.xml]
16:13:03.081 [main]  INFO  org.springframework.beans.factory.xml.XmlBeanDefinitionReader[316] - Loading XML bean definitions from URL [file:src/main/webapp/WEB-INF/spring/webmvc-config.xml]
16:13:03.087 [main]  ERROR org.springframework.test.context.TestContextManager[314] - Caught exception while allowing TestExecutionListener [org.springframework.test.context.support.DependencyInjectionTestExecutionListener@69676b1e] to prepare test instance [com.mk.crawer.job.hotel.price.BaseTest@4a9b4a2]
java.lang.IllegalStateException: Failed to load ApplicationContext
	at org.springframework.test.context.CacheAwareContextLoaderDelegate.loadContext(CacheAwareContextLoaderDelegate.java:99) ~[spring-test-3.2.3.RELEASE.jar:3.2.3.RELEASE]
	at org.springframework.test.context.TestContext.getApplicationContext(TestContext.java:122) ~[spring-test-3.2.3.RELEASE.jar:3.2.3.RELEASE]
	at org.springframework.test.context.support.DependencyInjectionTestExecutionListener.injectDependencies(DependencyInjectionTestExecutionListener.java:109) ~[spring-test-3.2.3.RELEASE.jar:3.2.3.RELEASE]
	at org.springframework.test.context.support.DependencyInjectionTestExecutionListener.prepareTestInstance(DependencyInjectionTestExecutionListener.java:75) ~[spring-test-3.2.3.RELEASE.jar:3.2.3.RELEASE]
	at org.springframework.test.context.TestContextManager.prepareTestInstance(TestContextManager.java:312) ~[spring-test-3.2.3.RELEASE.jar:3.2.3.RELEASE]
	at org.springframework.test.context.junit4.SpringJUnit4ClassRunner.createTest(SpringJUnit4ClassRunner.java:211) [spring-test-3.2.3.RELEASE.jar:3.2.3.RELEASE]
	at org.springframework.test.context.junit4.SpringJUnit4ClassRunner$1.runReflectiveCall(SpringJUnit4ClassRunner.java:288) [spring-test-3.2.3.RELEASE.jar:3.2.3.RELEASE]
	at org.junit.internal.runners.model.ReflectiveCallable.run(ReflectiveCallable.java:12) [junit-4.11.jar:na]
	at org.springframework.test.context.junit4.SpringJUnit4ClassRunner.methodBlock(SpringJUnit4ClassRunner.java:284) [spring-test-3.2.3.RELEASE.jar:3.2.3.RELEASE]
	at org.springframework.test.context.junit4.SpringJUnit4ClassRunner.runChild(SpringJUnit4ClassRunner.java:231) [spring-test-3.2.3.RELEASE.jar:3.2.3.RELEASE]
	at org.springframework.test.context.junit4.SpringJUnit4ClassRunner.runChild(SpringJUnit4ClassRunner.java:88) [spring-test-3.2.3.RELEASE.jar:3.2.3.RELEASE]
	at org.junit.runners.ParentRunner$3.run(ParentRunner.java:238) [junit-4.11.jar:na]
	at org.junit.runners.ParentRunner$1.schedule(ParentRunner.java:63) [junit-4.11.jar:na]
	at org.junit.runners.ParentRunner.runChildren(ParentRunner.java:236) [junit-4.11.jar:na]
	at org.junit.runners.ParentRunner.access$000(ParentRunner.java:53) [junit-4.11.jar:na]
	at org.junit.runners.ParentRunner$2.evaluate(ParentRunner.java:229) [junit-4.11.jar:na]
	at org.springframework.test.context.junit4.statements.RunBeforeTestClassCallbacks.evaluate(RunBeforeTestClassCallbacks.java:61) [spring-test-3.2.3.RELEASE.jar:3.2.3.RELEASE]
	at org.springframework.test.context.junit4.statements.RunAfterTestClassCallbacks.evaluate(RunAfterTestClassCallbacks.java:71) [spring-test-3.2.3.RELEASE.jar:3.2.3.RELEASE]
	at org.junit.runners.ParentRunner.run(ParentRunner.java:309) [junit-4.11.jar:na]
	at org.springframework.test.context.junit4.SpringJUnit4ClassRunner.run(SpringJUnit4ClassRunner.java:174) [spring-test-3.2.3.RELEASE.jar:3.2.3.RELEASE]
	at org.junit.runner.JUnitCore.run(JUnitCore.java:160) [junit-4.11.jar:na]
	at com.intellij.junit4.JUnit4IdeaTestRunner.startRunnerWithArgs(JUnit4IdeaTestRunner.java:69) [junit-rt.jar:na]
	at com.intellij.rt.execution.junit.JUnitStarter.prepareStreamsAndStart(JUnitStarter.java:234) [junit-rt.jar:na]
	at com.intellij.rt.execution.junit.JUnitStarter.main(JUnitStarter.java:74) [junit-rt.jar:na]
	at sun.reflect.NativeMethodAccessorImpl.invoke0(Native Method) ~[na:1.7.0_79]
	at sun.reflect.NativeMethodAccessorImpl.invoke(NativeMethodAccessorImpl.java:57) ~[na:1.7.0_79]
	at sun.reflect.DelegatingMethodAccessorImpl.invoke(DelegatingMethodAccessorImpl.java:43) ~[na:1.7.0_79]
	at java.lang.reflect.Method.invoke(Method.java:606) ~[na:1.7.0_79]
	at com.intellij.rt.execution.application.AppMain.main(AppMain.java:144) [idea_rt.jar:na]
Caused by: org.springframework.beans.factory.BeanDefinitionStoreException: IOException parsing XML document from URL [file:src/main/webapp/WEB-INF/spring/webmvc-config.xml]; nested exception is java.io.FileNotFoundException: src/main/webapp/WEB-INF/spring/webmvc-config.xml (No such file or directory)
	at org.springframework.beans.factory.xml.XmlBeanDefinitionReader.loadBeanDefinitions(XmlBeanDefinitionReader.java:343) ~[spring-beans-4.0.0.RELEASE.jar:4.0.0.RELEASE]
	at org.springframework.beans.factory.xml.XmlBeanDefinitionReader.loadBeanDefinitions(XmlBeanDefinitionReader.java:303) ~[spring-beans-4.0.0.RELEASE.jar:4.0.0.RELEASE]
	at org.springframework.beans.factory.support.AbstractBeanDefinitionReader.loadBeanDefinitions(AbstractBeanDefinitionReader.java:180) ~[spring-beans-4.0.0.RELEASE.jar:4.0.0.RELEASE]
	at org.springframework.beans.factory.support.AbstractBeanDefinitionReader.loadBeanDefinitions(AbstractBeanDefinitionReader.java:216) ~[spring-beans-4.0.0.RELEASE.jar:4.0.0.RELEASE]
	at org.springframework.beans.factory.support.AbstractBeanDefinitionReader.loadBeanDefinitions(AbstractBeanDefinitionReader.java:187) ~[spring-beans-4.0.0.RELEASE.jar:4.0.0.RELEASE]
	at org.springframework.beans.factory.support.AbstractBeanDefinitionReader.loadBeanDefinitions(AbstractBeanDefinitionReader.java:251) ~[spring-beans-4.0.0.RELEASE.jar:4.0.0.RELEASE]
	at org.springframework.test.context.web.GenericXmlWebContextLoader.loadBeanDefinitions(GenericXmlWebContextLoader.java:38) ~[spring-test-3.2.3.RELEASE.jar:3.2.3.RELEASE]
	at org.springframework.test.context.web.AbstractGenericWebContextLoader.loadContext(AbstractGenericWebContextLoader.java:125) ~[spring-test-3.2.3.RELEASE.jar:3.2.3.RELEASE]
	at org.springframework.test.context.web.AbstractGenericWebContextLoader.loadContext(AbstractGenericWebContextLoader.java:60) ~[spring-test-3.2.3.RELEASE.jar:3.2.3.RELEASE]
	at org.springframework.test.context.support.AbstractDelegatingSmartContextLoader.delegateLoading(AbstractDelegatingSmartContextLoader.java:100) ~[spring-test-3.2.3.RELEASE.jar:3.2.3.RELEASE]
	at org.springframework.test.context.support.AbstractDelegatingSmartContextLoader.loadContext(AbstractDelegatingSmartContextLoader.java:248) ~[spring-test-3.2.3.RELEASE.jar:3.2.3.RELEASE]
	at org.springframework.test.context.CacheAwareContextLoaderDelegate.loadContextInternal(CacheAwareContextLoaderDelegate.java:64) ~[spring-test-3.2.3.RELEASE.jar:3.2.3.RELEASE]
	at org.springframework.test.context.CacheAwareContextLoaderDelegate.loadContext(CacheAwareContextLoaderDelegate.java:91) ~[spring-test-3.2.3.RELEASE.jar:3.2.3.RELEASE]
	... 28 common frames omitted
Caused by: java.io.FileNotFoundException: src/main/webapp/WEB-INF/spring/webmvc-config.xml (No such file or directory)
	at java.io.FileInputStream.open(Native Method) ~[na:1.7.0_79]
	at java.io.FileInputStream.<init>(FileInputStream.java:146) ~[na:1.7.0_79]
	at java.io.FileInputStream.<init>(FileInputStream.java:101) ~[na:1.7.0_79]
	at sun.net.www.protocol.file.FileURLConnection.connect(FileURLConnection.java:90) ~[na:1.7.0_79]
	at sun.net.www.protocol.file.FileURLConnection.getInputStream(FileURLConnection.java:188) ~[na:1.7.0_79]
	at org.springframework.core.io.UrlResource.getInputStream(UrlResource.java:168) ~[spring-core-4.0.0.RELEASE.jar:4.0.0.RELEASE]
	at org.springframework.beans.factory.xml.XmlBeanDefinitionReader.loadBeanDefinitions(XmlBeanDefinitionReader.java:329) ~[spring-beans-4.0.0.RELEASE.jar:4.0.0.RELEASE]
	... 40 common frames omitted
16:13:30.200 [main]  INFO  org.springframework.beans.factory.xml.XmlBeanDefinitionReader[316] - Loading XML bean definitions from file [/Users/chenqi/Workspace/crawlers/crawer-web/target/classes/spring/applicationContext-thread.xml]
16:13:31.680 [main]  INFO  org.springframework.web.context.support.GenericWebApplicationContext[513] - Refreshing org.springframework.web.context.support.GenericWebApplicationContext@d8d644e: startup date [Thu Mar 03 16:13:31 CST 2016]; root of context hierarchy
16:13:32.011 [main]  INFO  org.springframework.scheduling.concurrent.ThreadPoolTaskExecutor[165] - Initializing ExecutorService  'taskExecutor'
16:13:32.087 [Thread-0] INFO  org.springframework.web.context.support.GenericWebApplicationContext[873] - Closing org.springframework.web.context.support.GenericWebApplicationContext@d8d644e: startup date [Thu Mar 03 16:13:31 CST 2016]; root of context hierarchy
16:13:32.088 [Thread-0] INFO  org.springframework.scheduling.concurrent.ThreadPoolTaskExecutor[203] - Shutting down ExecutorService 'taskExecutor'
16:14:56.795 [main]  INFO  org.springframework.beans.factory.xml.XmlBeanDefinitionReader[316] - Loading XML bean definitions from file [/Users/chenqi/Workspace/crawlers/crawer-web/target/classes/spring/applicationContext-thread.xml]
16:14:57.650 [main]  INFO  org.springframework.web.context.support.GenericWebApplicationContext[513] - Refreshing org.springframework.web.context.support.GenericWebApplicationContext@66c5b9bd: startup date [Thu Mar 03 16:14:57 CST 2016]; root of context hierarchy
16:14:57.925 [main]  INFO  org.springframework.scheduling.concurrent.ThreadPoolTaskExecutor[165] - Initializing ExecutorService  'taskExecutor'
16:14:58.028 [Thread-0] INFO  org.springframework.web.context.support.GenericWebApplicationContext[873] - Closing org.springframework.web.context.support.GenericWebApplicationContext@66c5b9bd: startup date [Thu Mar 03 16:14:57 CST 2016]; root of context hierarchy
16:14:58.030 [Thread-0] INFO  org.springframework.scheduling.concurrent.ThreadPoolTaskExecutor[203] - Shutting down ExecutorService 'taskExecutor'
16:17:42.192 [main]  INFO  org.springframework.beans.factory.xml.XmlBeanDefinitionReader[316] - Loading XML bean definitions from file [/Users/chenqi/Workspace/crawlers/crawer-web/target/classes/spring/applicationContext-thread.xml]
16:17:43.521 [main]  INFO  org.springframework.web.context.support.GenericWebApplicationContext[513] - Refreshing org.springframework.web.context.support.GenericWebApplicationContext@74e94a88: startup date [Thu Mar 03 16:17:43 CST 2016]; root of context hierarchy
16:17:43.844 [main]  INFO  org.springframework.scheduling.concurrent.ThreadPoolTaskExecutor[165] - Initializing ExecutorService  'taskExecutor'
16:17:43.934 [Thread-0] INFO  org.springframework.web.context.support.GenericWebApplicationContext[873] - Closing org.springframework.web.context.support.GenericWebApplicationContext@74e94a88: startup date [Thu Mar 03 16:17:43 CST 2016]; root of context hierarchy
16:17:43.935 [Thread-0] INFO  org.springframework.scheduling.concurrent.ThreadPoolTaskExecutor[203] - Shutting down ExecutorService 'taskExecutor'
16:32:31.917 [main]  INFO  org.springframework.beans.factory.xml.XmlBeanDefinitionReader[316] - Loading XML bean definitions from file [/Users/chenqi/Workspace/crawlers/crawer-web/target/classes/spring/applicationContext-thread.xml]
16:32:32.750 [main]  INFO  org.springframework.web.context.support.GenericWebApplicationContext[513] - Refreshing org.springframework.web.context.support.GenericWebApplicationContext@4446d7c4: startup date [Thu Mar 03 16:32:32 CST 2016]; root of context hierarchy
16:32:33.031 [main]  INFO  org.springframework.scheduling.concurrent.ThreadPoolTaskExecutor[165] - Initializing ExecutorService  'taskExecutor'
16:32:44.467 [Thread-0] INFO  org.springframework.web.context.support.GenericWebApplicationContext[873] - Closing org.springframework.web.context.support.GenericWebApplicationContext@4446d7c4: startup date [Thu Mar 03 16:32:32 CST 2016]; root of context hierarchy
16:32:44.470 [Thread-0] INFO  org.springframework.scheduling.concurrent.ThreadPoolTaskExecutor[203] - Shutting down ExecutorService 'taskExecutor'
16:36:51.177 [main]  INFO  org.springframework.beans.factory.xml.XmlBeanDefinitionReader[316] - Loading XML bean definitions from file [/Users/chenqi/Workspace/crawlers/crawer-web/target/classes/spring/applicationContext-thread.xml]
16:36:52.087 [main]  INFO  org.springframework.web.context.support.GenericWebApplicationContext[513] - Refreshing org.springframework.web.context.support.GenericWebApplicationContext@511ad529: startup date [Thu Mar 03 16:36:52 CST 2016]; root of context hierarchy
16:36:52.330 [main]  INFO  org.springframework.scheduling.concurrent.ThreadPoolTaskExecutor[165] - Initializing ExecutorService  'taskExecutor'
16:37:03.843 [Thread-0] INFO  org.springframework.web.context.support.GenericWebApplicationContext[873] - Closing org.springframework.web.context.support.GenericWebApplicationContext@511ad529: startup date [Thu Mar 03 16:36:52 CST 2016]; root of context hierarchy
16:37:03.846 [Thread-0] INFO  org.springframework.scheduling.concurrent.ThreadPoolTaskExecutor[203] - Shutting down ExecutorService 'taskExecutor'
16:40:18.203 [main]  INFO  org.springframework.beans.factory.xml.XmlBeanDefinitionReader[316] - Loading XML bean definitions from file [/Users/chenqi/Workspace/crawlers/crawer-web/target/classes/spring/applicationContext-thread.xml]
16:40:19.362 [main]  INFO  org.springframework.web.context.support.GenericWebApplicationContext[513] - Refreshing org.springframework.web.context.support.GenericWebApplicationContext@5d3f1d87: startup date [Thu Mar 03 16:40:19 CST 2016]; root of context hierarchy
16:40:19.675 [main]  INFO  org.springframework.scheduling.concurrent.ThreadPoolTaskExecutor[165] - Initializing ExecutorService  'taskExecutor'
16:40:31.183 [Thread-0] INFO  org.springframework.web.context.support.GenericWebApplicationContext[873] - Closing org.springframework.web.context.support.GenericWebApplicationContext@5d3f1d87: startup date [Thu Mar 03 16:40:19 CST 2016]; root of context hierarchy
16:40:31.185 [Thread-0] INFO  org.springframework.scheduling.concurrent.ThreadPoolTaskExecutor[203] - Shutting down ExecutorService 'taskExecutor'
16:40:37.174 [main]  INFO  org.springframework.beans.factory.xml.XmlBeanDefinitionReader[316] - Loading XML bean definitions from file [/Users/chenqi/Workspace/crawlers/crawer-web/target/classes/spring/applicationContext-thread.xml]
16:40:38.116 [main]  INFO  org.springframework.web.context.support.GenericWebApplicationContext[513] - Refreshing org.springframework.web.context.support.GenericWebApplicationContext@77906bf3: startup date [Thu Mar 03 16:40:38 CST 2016]; root of context hierarchy
16:40:38.497 [main]  INFO  org.springframework.scheduling.concurrent.ThreadPoolTaskExecutor[165] - Initializing ExecutorService  'taskExecutor'
16:40:50.075 [Thread-0] INFO  org.springframework.web.context.support.GenericWebApplicationContext[873] - Closing org.springframework.web.context.support.GenericWebApplicationContext@77906bf3: startup date [Thu Mar 03 16:40:38 CST 2016]; root of context hierarchy
16:40:50.078 [Thread-0] INFO  org.springframework.scheduling.concurrent.ThreadPoolTaskExecutor[203] - Shutting down ExecutorService 'taskExecutor'
